[1.006s] DEBUG:colcon:Command line arguments: ['/usr/bin/colcon', 'build']
[1.006s] DEBUG:colcon:Parsed command line arguments: Namespace(log_base=None, log_level=None, verb_name='build', build_base='build', install_base='install', merge_install=False, symlink_install=False, test_result_base=None, continue_on_error=False, executor='parallel', parallel_workers=16, event_handlers=None, ignore_user_meta=False, metas=['./colcon.meta'], base_paths=['.'], packages_ignore=None, packages_ignore_regex=None, paths=None, packages_up_to=None, packages_up_to_regex=None, packages_above=None, packages_above_and_dependencies=None, packages_above_depth=None, packages_select_by_dep=None, packages_skip_by_dep=None, packages_skip_up_to=None, packages_select_build_failed=False, packages_skip_build_finished=False, packages_select_test_failures=False, packages_skip_test_passed=False, packages_select=None, packages_skip=None, packages_select_regex=None, packages_skip_regex=None, packages_start=None, packages_end=None, allow_overriding=[], cmake_args=None, cmake_target=None, cmake_target_skip_unavailable=False, cmake_clean_cache=False, cmake_clean_first=False, cmake_force_configure=False, ament_cmake_args=None, catkin_cmake_args=None, catkin_skip_building_tests=False, verb_parser=<colcon_defaults.argument_parser.defaults.DefaultArgumentsDecorator object at 0x7fc9f8899d50>, verb_extension=<colcon_core.verb.build.BuildVerb object at 0x7fc9f8be29e0>, main=<bound method BuildVerb.main of <colcon_core.verb.build.BuildVerb object at 0x7fc9f8be29e0>>)
[1.052s] Level 1:colcon.colcon_core.package_discovery:discover_packages(colcon_meta) check parameters
[1.052s] Level 1:colcon.colcon_core.package_discovery:discover_packages(recursive) check parameters
[1.052s] Level 1:colcon.colcon_core.package_discovery:discover_packages(ignore) check parameters
[1.052s] Level 1:colcon.colcon_core.package_discovery:discover_packages(path) check parameters
[1.052s] Level 1:colcon.colcon_core.package_discovery:discover_packages(colcon_meta) discover
[1.052s] Level 1:colcon.colcon_core.package_discovery:discover_packages(recursive) discover
[1.052s] INFO:colcon.colcon_core.package_discovery:Crawling recursively for packages in '/home/magdy/Documents/MyGithub/simon-rover-inverseKinematics'
[1.052s] Level 1:colcon.colcon_core.package_identification:_identify(.) by extensions ['ignore', 'ignore_ament_install']
[1.052s] Level 1:colcon.colcon_core.package_identification:_identify(.) by extension 'ignore'
[1.052s] Level 1:colcon.colcon_core.package_identification:_identify(.) by extension 'ignore_ament_install'
[1.052s] Level 1:colcon.colcon_core.package_identification:_identify(.) by extensions ['colcon_pkg']
[1.052s] Level 1:colcon.colcon_core.package_identification:_identify(.) by extension 'colcon_pkg'
[1.052s] Level 1:colcon.colcon_core.package_identification:_identify(.) by extensions ['colcon_meta']
[1.052s] Level 1:colcon.colcon_core.package_identification:_identify(.) by extension 'colcon_meta'
[1.052s] Level 1:colcon.colcon_core.package_identification:_identify(.) by extensions ['ros']
[1.052s] Level 1:colcon.colcon_core.package_identification:_identify(.) by extension 'ros'
[1.061s] Level 1:colcon.colcon_core.package_identification:_identify(.) by extensions ['cmake', 'python']
[1.061s] Level 1:colcon.colcon_core.package_identification:_identify(.) by extension 'cmake'
[1.061s] Level 1:colcon.colcon_core.package_identification:_identify(.) by extension 'python'
[1.061s] Level 1:colcon.colcon_core.package_identification:_identify(.) by extensions ['python_setup_py']
[1.061s] Level 1:colcon.colcon_core.package_identification:_identify(.) by extension 'python_setup_py'
[1.061s] Level 1:colcon.colcon_core.package_identification:_identify(build) by extensions ['ignore', 'ignore_ament_install']
[1.061s] Level 1:colcon.colcon_core.package_identification:_identify(build) by extension 'ignore'
[1.061s] Level 1:colcon.colcon_core.package_identification:_identify(build) ignored
[1.061s] Level 1:colcon.colcon_core.package_identification:_identify(install) by extensions ['ignore', 'ignore_ament_install']
[1.061s] Level 1:colcon.colcon_core.package_identification:_identify(install) by extension 'ignore'
[1.061s] Level 1:colcon.colcon_core.package_identification:_identify(install) ignored
[1.061s] Level 1:colcon.colcon_core.package_identification:_identify(inverseKin) by extensions ['ignore', 'ignore_ament_install']
[1.061s] Level 1:colcon.colcon_core.package_identification:_identify(inverseKin) by extension 'ignore'
[1.062s] Level 1:colcon.colcon_core.package_identification:_identify(inverseKin) by extension 'ignore_ament_install'
[1.062s] Level 1:colcon.colcon_core.package_identification:_identify(inverseKin) by extensions ['colcon_pkg']
[1.062s] Level 1:colcon.colcon_core.package_identification:_identify(inverseKin) by extension 'colcon_pkg'
[1.062s] Level 1:colcon.colcon_core.package_identification:_identify(inverseKin) by extensions ['colcon_meta']
[1.062s] Level 1:colcon.colcon_core.package_identification:_identify(inverseKin) by extension 'colcon_meta'
[1.062s] Level 1:colcon.colcon_core.package_identification:_identify(inverseKin) by extensions ['ros']
[1.062s] Level 1:colcon.colcon_core.package_identification:_identify(inverseKin) by extension 'ros'
[1.062s] Level 1:colcon.colcon_core.package_identification:_identify(inverseKin) by extensions ['cmake', 'python']
[1.062s] Level 1:colcon.colcon_core.package_identification:_identify(inverseKin) by extension 'cmake'
[1.062s] Level 1:colcon.colcon_core.package_identification:_identify(inverseKin) by extension 'python'
[1.062s] Level 1:colcon.colcon_core.package_identification:_identify(inverseKin) by extensions ['python_setup_py']
[1.062s] Level 1:colcon.colcon_core.package_identification:_identify(inverseKin) by extension 'python_setup_py'
[1.062s] Level 1:colcon.colcon_core.package_identification:_identify(inverseKin/build) by extensions ['ignore', 'ignore_ament_install']
[1.062s] Level 1:colcon.colcon_core.package_identification:_identify(inverseKin/build) by extension 'ignore'
[1.062s] Level 1:colcon.colcon_core.package_identification:_identify(inverseKin/build) ignored
[1.062s] Level 1:colcon.colcon_core.package_identification:_identify(inverseKin/install) by extensions ['ignore', 'ignore_ament_install']
[1.062s] Level 1:colcon.colcon_core.package_identification:_identify(inverseKin/install) by extension 'ignore'
[1.062s] Level 1:colcon.colcon_core.package_identification:_identify(inverseKin/install) ignored
[1.062s] Level 1:colcon.colcon_core.package_identification:_identify(inverseKin/log) by extensions ['ignore', 'ignore_ament_install']
[1.062s] Level 1:colcon.colcon_core.package_identification:_identify(inverseKin/log) by extension 'ignore'
[1.062s] Level 1:colcon.colcon_core.package_identification:_identify(inverseKin/log) ignored
[1.062s] Level 1:colcon.colcon_core.package_identification:_identify(inverseKin/src) by extensions ['ignore', 'ignore_ament_install']
[1.063s] Level 1:colcon.colcon_core.package_identification:_identify(inverseKin/src) by extension 'ignore'
[1.063s] Level 1:colcon.colcon_core.package_identification:_identify(inverseKin/src) by extension 'ignore_ament_install'
[1.063s] Level 1:colcon.colcon_core.package_identification:_identify(inverseKin/src) by extensions ['colcon_pkg']
[1.063s] Level 1:colcon.colcon_core.package_identification:_identify(inverseKin/src) by extension 'colcon_pkg'
[1.063s] Level 1:colcon.colcon_core.package_identification:_identify(inverseKin/src) by extensions ['colcon_meta']
[1.063s] Level 1:colcon.colcon_core.package_identification:_identify(inverseKin/src) by extension 'colcon_meta'
[1.063s] Level 1:colcon.colcon_core.package_identification:_identify(inverseKin/src) by extensions ['ros']
[1.063s] Level 1:colcon.colcon_core.package_identification:_identify(inverseKin/src) by extension 'ros'
[1.063s] Level 1:colcon.colcon_core.package_identification:_identify(inverseKin/src) by extensions ['cmake', 'python']
[1.063s] Level 1:colcon.colcon_core.package_identification:_identify(inverseKin/src) by extension 'cmake'
[1.063s] Level 1:colcon.colcon_core.package_identification:_identify(inverseKin/src) by extension 'python'
[1.063s] Level 1:colcon.colcon_core.package_identification:_identify(inverseKin/src) by extensions ['python_setup_py']
[1.063s] Level 1:colcon.colcon_core.package_identification:_identify(inverseKin/src) by extension 'python_setup_py'
[1.063s] Level 1:colcon.colcon_core.package_identification:_identify(inverseKin/src/inverseKin) by extensions ['ignore', 'ignore_ament_install']
[1.063s] Level 1:colcon.colcon_core.package_identification:_identify(inverseKin/src/inverseKin) by extension 'ignore'
[1.063s] Level 1:colcon.colcon_core.package_identification:_identify(inverseKin/src/inverseKin) by extension 'ignore_ament_install'
[1.063s] Level 1:colcon.colcon_core.package_identification:_identify(inverseKin/src/inverseKin) by extensions ['colcon_pkg']
[1.063s] Level 1:colcon.colcon_core.package_identification:_identify(inverseKin/src/inverseKin) by extension 'colcon_pkg'
[1.063s] Level 1:colcon.colcon_core.package_identification:_identify(inverseKin/src/inverseKin) by extensions ['colcon_meta']
[1.063s] Level 1:colcon.colcon_core.package_identification:_identify(inverseKin/src/inverseKin) by extension 'colcon_meta'
[1.063s] Level 1:colcon.colcon_core.package_identification:_identify(inverseKin/src/inverseKin) by extensions ['ros']
[1.063s] Level 1:colcon.colcon_core.package_identification:_identify(inverseKin/src/inverseKin) by extension 'ros'
[1.065s] DEBUG:colcon.colcon_core.package_identification:Package 'inverseKin/src/inverseKin' with type 'ros.ament_python' and name 'inverseKin'
[1.065s] Level 1:colcon.colcon_core.package_identification:_identify(log) by extensions ['ignore', 'ignore_ament_install']
[1.065s] Level 1:colcon.colcon_core.package_identification:_identify(log) by extension 'ignore'
[1.065s] Level 1:colcon.colcon_core.package_identification:_identify(log) ignored
[1.065s] Level 1:colcon.colcon_core.package_identification:_identify(ros2_ws) by extensions ['ignore', 'ignore_ament_install']
[1.065s] Level 1:colcon.colcon_core.package_identification:_identify(ros2_ws) by extension 'ignore'
[1.065s] Level 1:colcon.colcon_core.package_identification:_identify(ros2_ws) by extension 'ignore_ament_install'
[1.065s] Level 1:colcon.colcon_core.package_identification:_identify(ros2_ws) by extensions ['colcon_pkg']
[1.065s] Level 1:colcon.colcon_core.package_identification:_identify(ros2_ws) by extension 'colcon_pkg'
[1.066s] Level 1:colcon.colcon_core.package_identification:_identify(ros2_ws) by extensions ['colcon_meta']
[1.066s] Level 1:colcon.colcon_core.package_identification:_identify(ros2_ws) by extension 'colcon_meta'
[1.066s] Level 1:colcon.colcon_core.package_identification:_identify(ros2_ws) by extensions ['ros']
[1.066s] Level 1:colcon.colcon_core.package_identification:_identify(ros2_ws) by extension 'ros'
[1.066s] Level 1:colcon.colcon_core.package_identification:_identify(ros2_ws) by extensions ['cmake', 'python']
[1.066s] Level 1:colcon.colcon_core.package_identification:_identify(ros2_ws) by extension 'cmake'
[1.066s] Level 1:colcon.colcon_core.package_identification:_identify(ros2_ws) by extension 'python'
[1.066s] Level 1:colcon.colcon_core.package_identification:_identify(ros2_ws) by extensions ['python_setup_py']
[1.066s] Level 1:colcon.colcon_core.package_identification:_identify(ros2_ws) by extension 'python_setup_py'
[1.066s] Level 1:colcon.colcon_core.package_identification:_identify(ros2_ws/src) by extensions ['ignore', 'ignore_ament_install']
[1.066s] Level 1:colcon.colcon_core.package_identification:_identify(ros2_ws/src) by extension 'ignore'
[1.066s] Level 1:colcon.colcon_core.package_identification:_identify(ros2_ws/src) by extension 'ignore_ament_install'
[1.066s] Level 1:colcon.colcon_core.package_identification:_identify(ros2_ws/src) by extensions ['colcon_pkg']
[1.066s] Level 1:colcon.colcon_core.package_identification:_identify(ros2_ws/src) by extension 'colcon_pkg'
[1.066s] Level 1:colcon.colcon_core.package_identification:_identify(ros2_ws/src) by extensions ['colcon_meta']
[1.066s] Level 1:colcon.colcon_core.package_identification:_identify(ros2_ws/src) by extension 'colcon_meta'
[1.066s] Level 1:colcon.colcon_core.package_identification:_identify(ros2_ws/src) by extensions ['ros']
[1.066s] Level 1:colcon.colcon_core.package_identification:_identify(ros2_ws/src) by extension 'ros'
[1.066s] Level 1:colcon.colcon_core.package_identification:_identify(ros2_ws/src) by extensions ['cmake', 'python']
[1.066s] Level 1:colcon.colcon_core.package_identification:_identify(ros2_ws/src) by extension 'cmake'
[1.066s] Level 1:colcon.colcon_core.package_identification:_identify(ros2_ws/src) by extension 'python'
[1.066s] Level 1:colcon.colcon_core.package_identification:_identify(ros2_ws/src) by extensions ['python_setup_py']
[1.066s] Level 1:colcon.colcon_core.package_identification:_identify(ros2_ws/src) by extension 'python_setup_py'
[1.066s] Level 1:colcon.colcon_core.package_identification:_identify(ros2_ws/src/ros_tutorials) by extensions ['ignore', 'ignore_ament_install']
[1.067s] Level 1:colcon.colcon_core.package_identification:_identify(ros2_ws/src/ros_tutorials) by extension 'ignore'
[1.067s] Level 1:colcon.colcon_core.package_identification:_identify(ros2_ws/src/ros_tutorials) by extension 'ignore_ament_install'
[1.067s] Level 1:colcon.colcon_core.package_identification:_identify(ros2_ws/src/ros_tutorials) by extensions ['colcon_pkg']
[1.067s] Level 1:colcon.colcon_core.package_identification:_identify(ros2_ws/src/ros_tutorials) by extension 'colcon_pkg'
[1.067s] Level 1:colcon.colcon_core.package_identification:_identify(ros2_ws/src/ros_tutorials) by extensions ['colcon_meta']
[1.067s] Level 1:colcon.colcon_core.package_identification:_identify(ros2_ws/src/ros_tutorials) by extension 'colcon_meta'
[1.067s] Level 1:colcon.colcon_core.package_identification:_identify(ros2_ws/src/ros_tutorials) by extensions ['ros']
[1.067s] Level 1:colcon.colcon_core.package_identification:_identify(ros2_ws/src/ros_tutorials) by extension 'ros'
[1.067s] Level 1:colcon.colcon_core.package_identification:_identify(ros2_ws/src/ros_tutorials) by extensions ['cmake', 'python']
[1.067s] Level 1:colcon.colcon_core.package_identification:_identify(ros2_ws/src/ros_tutorials) by extension 'cmake'
[1.067s] Level 1:colcon.colcon_core.package_identification:_identify(ros2_ws/src/ros_tutorials) by extension 'python'
[1.067s] Level 1:colcon.colcon_core.package_identification:_identify(ros2_ws/src/ros_tutorials) by extensions ['python_setup_py']
[1.067s] Level 1:colcon.colcon_core.package_identification:_identify(ros2_ws/src/ros_tutorials) by extension 'python_setup_py'
[1.067s] Level 1:colcon.colcon_core.package_identification:_identify(ros2_ws/src/ros_tutorials/ros_tutorials) by extensions ['ignore', 'ignore_ament_install']
[1.067s] Level 1:colcon.colcon_core.package_identification:_identify(ros2_ws/src/ros_tutorials/ros_tutorials) by extension 'ignore'
[1.067s] Level 1:colcon.colcon_core.package_identification:_identify(ros2_ws/src/ros_tutorials/ros_tutorials) ignored
[1.067s] Level 1:colcon.colcon_core.package_identification:_identify(ros2_ws/src/ros_tutorials/roscpp_tutorials) by extensions ['ignore', 'ignore_ament_install']
[1.067s] Level 1:colcon.colcon_core.package_identification:_identify(ros2_ws/src/ros_tutorials/roscpp_tutorials) by extension 'ignore'
[1.067s] Level 1:colcon.colcon_core.package_identification:_identify(ros2_ws/src/ros_tutorials/roscpp_tutorials) ignored
[1.067s] Level 1:colcon.colcon_core.package_identification:_identify(ros2_ws/src/ros_tutorials/rospy_tutorials) by extensions ['ignore', 'ignore_ament_install']
[1.067s] Level 1:colcon.colcon_core.package_identification:_identify(ros2_ws/src/ros_tutorials/rospy_tutorials) by extension 'ignore'
[1.067s] Level 1:colcon.colcon_core.package_identification:_identify(ros2_ws/src/ros_tutorials/rospy_tutorials) ignored
[1.068s] Level 1:colcon.colcon_core.package_identification:_identify(ros2_ws/src/ros_tutorials/turtlesim) by extensions ['ignore', 'ignore_ament_install']
[1.068s] Level 1:colcon.colcon_core.package_identification:_identify(ros2_ws/src/ros_tutorials/turtlesim) by extension 'ignore'
[1.068s] Level 1:colcon.colcon_core.package_identification:_identify(ros2_ws/src/ros_tutorials/turtlesim) by extension 'ignore_ament_install'
[1.068s] Level 1:colcon.colcon_core.package_identification:_identify(ros2_ws/src/ros_tutorials/turtlesim) by extensions ['colcon_pkg']
[1.068s] Level 1:colcon.colcon_core.package_identification:_identify(ros2_ws/src/ros_tutorials/turtlesim) by extension 'colcon_pkg'
[1.068s] Level 1:colcon.colcon_core.package_identification:_identify(ros2_ws/src/ros_tutorials/turtlesim) by extensions ['colcon_meta']
[1.068s] Level 1:colcon.colcon_core.package_identification:_identify(ros2_ws/src/ros_tutorials/turtlesim) by extension 'colcon_meta'
[1.068s] Level 1:colcon.colcon_core.package_identification:_identify(ros2_ws/src/ros_tutorials/turtlesim) by extensions ['ros']
[1.068s] Level 1:colcon.colcon_core.package_identification:_identify(ros2_ws/src/ros_tutorials/turtlesim) by extension 'ros'
[1.069s] DEBUG:colcon.colcon_core.package_identification:Package 'ros2_ws/src/ros_tutorials/turtlesim' with type 'ros.ament_cmake' and name 'turtlesim'
[1.069s] Level 1:colcon.colcon_core.package_discovery:discover_packages(recursive) using defaults
[1.069s] Level 1:colcon.colcon_core.package_discovery:discover_packages(ignore) discover
[1.069s] Level 1:colcon.colcon_core.package_discovery:discover_packages(ignore) using defaults
[1.069s] Level 1:colcon.colcon_core.package_discovery:discover_packages(path) discover
[1.069s] Level 1:colcon.colcon_core.package_discovery:discover_packages(path) using defaults
[1.182s] Level 1:colcon.colcon_core.package_discovery:discover_packages(prefix_path) check parameters
[1.182s] Level 1:colcon.colcon_core.package_discovery:discover_packages(prefix_path) discover
[1.215s] DEBUG:colcon.colcon_installed_package_information.package_discovery:Found 270 installed packages in /opt/ros/humble
[1.216s] Level 1:colcon.colcon_core.package_discovery:discover_packages(prefix_path) using defaults
[1.275s] WARNING:colcon.colcon_core.package_selection:Some selected packages are already built in one or more underlay workspaces:
	'turtlesim' is in: /opt/ros/humble
If a package in a merged underlay workspace is overridden and it installs headers, then all packages in the overlay must sort their include directories by workspace order. Failure to do so may result in build failures or undefined behavior at run time.
If the overridden package is used by another package in any underlay, then the overriding package in the overlay must be API and ABI compatible or undefined behavior at run time may occur.

If you understand the risks and want to override a package anyways, add the following to the command line:
	--allow-overriding turtlesim

This may be promoted to an error in a future release of colcon-override-check.
[1.292s] Level 5:colcon.colcon_core.verb:set package 'inverseKin' build argument 'cmake_args' from command line to 'None'
[1.292s] Level 5:colcon.colcon_core.verb:set package 'inverseKin' build argument 'cmake_target' from command line to 'None'
[1.293s] Level 5:colcon.colcon_core.verb:set package 'inverseKin' build argument 'cmake_target_skip_unavailable' from command line to 'False'
[1.293s] Level 5:colcon.colcon_core.verb:set package 'inverseKin' build argument 'cmake_clean_cache' from command line to 'False'
[1.293s] Level 5:colcon.colcon_core.verb:set package 'inverseKin' build argument 'cmake_clean_first' from command line to 'False'
[1.293s] Level 5:colcon.colcon_core.verb:set package 'inverseKin' build argument 'cmake_force_configure' from command line to 'False'
[1.293s] Level 5:colcon.colcon_core.verb:set package 'inverseKin' build argument 'ament_cmake_args' from command line to 'None'
[1.293s] Level 5:colcon.colcon_core.verb:set package 'inverseKin' build argument 'catkin_cmake_args' from command line to 'None'
[1.293s] Level 5:colcon.colcon_core.verb:set package 'inverseKin' build argument 'catkin_skip_building_tests' from command line to 'False'
[1.293s] DEBUG:colcon.colcon_core.verb:Building package 'inverseKin' with the following arguments: {'ament_cmake_args': None, 'build_base': '/home/magdy/Documents/MyGithub/simon-rover-inverseKinematics/build/inverseKin', 'catkin_cmake_args': None, 'catkin_skip_building_tests': False, 'cmake_args': None, 'cmake_clean_cache': False, 'cmake_clean_first': False, 'cmake_force_configure': False, 'cmake_target': None, 'cmake_target_skip_unavailable': False, 'install_base': '/home/magdy/Documents/MyGithub/simon-rover-inverseKinematics/install/inverseKin', 'merge_install': False, 'path': '/home/magdy/Documents/MyGithub/simon-rover-inverseKinematics/inverseKin/src/inverseKin', 'symlink_install': False, 'test_result_base': None}
[1.317s] Level 5:colcon.colcon_core.verb:set package 'turtlesim' build argument 'cmake_args' from command line to 'None'
[1.317s] Level 5:colcon.colcon_core.verb:set package 'turtlesim' build argument 'cmake_target' from command line to 'None'
[1.317s] Level 5:colcon.colcon_core.verb:set package 'turtlesim' build argument 'cmake_target_skip_unavailable' from command line to 'False'
[1.317s] Level 5:colcon.colcon_core.verb:set package 'turtlesim' build argument 'cmake_clean_cache' from command line to 'False'
[1.317s] Level 5:colcon.colcon_core.verb:set package 'turtlesim' build argument 'cmake_clean_first' from command line to 'False'
[1.317s] Level 5:colcon.colcon_core.verb:set package 'turtlesim' build argument 'cmake_force_configure' from command line to 'False'
[1.317s] Level 5:colcon.colcon_core.verb:set package 'turtlesim' build argument 'ament_cmake_args' from command line to 'None'
[1.317s] Level 5:colcon.colcon_core.verb:set package 'turtlesim' build argument 'catkin_cmake_args' from command line to 'None'
[1.317s] Level 5:colcon.colcon_core.verb:set package 'turtlesim' build argument 'catkin_skip_building_tests' from command line to 'False'
[1.317s] DEBUG:colcon.colcon_core.verb:Building package 'turtlesim' with the following arguments: {'ament_cmake_args': None, 'build_base': '/home/magdy/Documents/MyGithub/simon-rover-inverseKinematics/build/turtlesim', 'catkin_cmake_args': None, 'catkin_skip_building_tests': False, 'cmake_args': None, 'cmake_clean_cache': False, 'cmake_clean_first': False, 'cmake_force_configure': False, 'cmake_target': None, 'cmake_target_skip_unavailable': False, 'install_base': '/home/magdy/Documents/MyGithub/simon-rover-inverseKinematics/install/turtlesim', 'merge_install': False, 'path': '/home/magdy/Documents/MyGithub/simon-rover-inverseKinematics/ros2_ws/src/ros_tutorials/turtlesim', 'symlink_install': False, 'test_result_base': None}
[1.335s] INFO:colcon.colcon_core.executor:Executing jobs using 'parallel' executor
[1.353s] DEBUG:colcon.colcon_parallel_executor.executor.parallel:run_until_complete
[1.353s] INFO:colcon.colcon_ros.task.ament_python.build:Building ROS package in '/home/magdy/Documents/MyGithub/simon-rover-inverseKinematics/inverseKin/src/inverseKin' with build type 'ament_python'
[1.353s] Level 1:colcon.colcon_core.shell:create_environment_hook('inverseKin', 'ament_prefix_path')
[1.370s] INFO:colcon.colcon_core.plugin_system:Skipping extension 'colcon_core.shell.bat': Not used on non-Windows systems
[1.370s] INFO:colcon.colcon_core.shell:Creating environment hook '/home/magdy/Documents/MyGithub/simon-rover-inverseKinematics/install/inverseKin/share/inverseKin/hook/ament_prefix_path.ps1'
[1.371s] INFO:colcon.colcon_core.shell:Creating environment descriptor '/home/magdy/Documents/MyGithub/simon-rover-inverseKinematics/install/inverseKin/share/inverseKin/hook/ament_prefix_path.dsv'
[1.371s] INFO:colcon.colcon_core.shell:Creating environment hook '/home/magdy/Documents/MyGithub/simon-rover-inverseKinematics/install/inverseKin/share/inverseKin/hook/ament_prefix_path.sh'
[1.391s] INFO:colcon.colcon_core.shell:Skip shell extension 'powershell' for command environment: Not usable outside of PowerShell
[1.391s] DEBUG:colcon.colcon_core.shell:Skip shell extension 'dsv' for command environment
[1.424s] INFO:colcon.colcon_ros.task.ament_cmake.build:Building ROS package in '/home/magdy/Documents/MyGithub/simon-rover-inverseKinematics/ros2_ws/src/ros_tutorials/turtlesim' with build type 'ament_cmake'
[1.424s] INFO:colcon.colcon_cmake.task.cmake.build:Building CMake package in '/home/magdy/Documents/MyGithub/simon-rover-inverseKinematics/ros2_ws/src/ros_tutorials/turtlesim'
[1.441s] INFO:colcon.colcon_core.shell:Skip shell extension 'powershell' for command environment: Not usable outside of PowerShell
[1.441s] DEBUG:colcon.colcon_core.shell:Skip shell extension 'dsv' for command environment
[1.724s] INFO:colcon.colcon_core.task.python.build:Building Python package in '/home/magdy/Documents/MyGithub/simon-rover-inverseKinematics/inverseKin/src/inverseKin'
[1.740s] INFO:colcon.colcon_core.shell:Skip shell extension 'powershell' for command environment: Not usable outside of PowerShell
[1.740s] DEBUG:colcon.colcon_core.shell:Skip shell extension 'dsv' for command environment
[1.779s] DEBUG:colcon.colcon_core.event_handler.log_command:Invoking command in '/home/magdy/Documents/MyGithub/simon-rover-inverseKinematics/build/turtlesim': CMAKE_PREFIX_PATH=/opt/ros/humble CONDA_PROMPT_MODIFIER=(base) /usr/bin/cmake --build /home/magdy/Documents/MyGithub/simon-rover-inverseKinematics/build/turtlesim -- -j16 -l16
[2.220s] DEBUG:colcon.colcon_core.event_handler.log_command:Invoking command in '/home/magdy/Documents/MyGithub/simon-rover-inverseKinematics/inverseKin/src/inverseKin': CONDA_PROMPT_MODIFIER=(base) PYTHONPATH=/home/magdy/Documents/MyGithub/simon-rover-inverseKinematics/build/inverseKin/prefix_override:/home/magdy/Documents/MyGithub/simon-rover-inverseKinematics/install/inverseKin/lib/python3.10/site-packages:${PYTHONPATH} /usr/bin/python3 setup.py egg_info --egg-base ../../../build/inverseKin build --build-base /home/magdy/Documents/MyGithub/simon-rover-inverseKinematics/build/inverseKin/build install --record /home/magdy/Documents/MyGithub/simon-rover-inverseKinematics/build/inverseKin/install.log --single-version-externally-managed
[2.220s] DEBUG:colcon.colcon_core.event_handler.log_command:Invoked command in '/home/magdy/Documents/MyGithub/simon-rover-inverseKinematics/build/turtlesim' returned '2': CMAKE_PREFIX_PATH=/opt/ros/humble CONDA_PROMPT_MODIFIER=(base) /usr/bin/cmake --build /home/magdy/Documents/MyGithub/simon-rover-inverseKinematics/build/turtlesim -- -j16 -l16
[2.523s] DEBUG:colcon.colcon_core.event_handler.log_command:Invoked command in '/home/magdy/Documents/MyGithub/simon-rover-inverseKinematics/inverseKin/src/inverseKin' returned '0': CONDA_PROMPT_MODIFIER=(base) PYTHONPATH=/home/magdy/Documents/MyGithub/simon-rover-inverseKinematics/build/inverseKin/prefix_override:/home/magdy/Documents/MyGithub/simon-rover-inverseKinematics/install/inverseKin/lib/python3.10/site-packages:${PYTHONPATH} /usr/bin/python3 setup.py egg_info --egg-base ../../../build/inverseKin build --build-base /home/magdy/Documents/MyGithub/simon-rover-inverseKinematics/build/inverseKin/build install --record /home/magdy/Documents/MyGithub/simon-rover-inverseKinematics/build/inverseKin/install.log --single-version-externally-managed
[2.542s] Level 1:colcon.colcon_core.environment:checking '/home/magdy/Documents/MyGithub/simon-rover-inverseKinematics/install/inverseKin' for CMake module files
[2.543s] Level 1:colcon.colcon_core.environment:checking '/home/magdy/Documents/MyGithub/simon-rover-inverseKinematics/install/inverseKin' for CMake config files
[2.544s] Level 1:colcon.colcon_core.environment:checking '/home/magdy/Documents/MyGithub/simon-rover-inverseKinematics/install/inverseKin/lib'
[2.544s] Level 1:colcon.colcon_core.environment:checking '/home/magdy/Documents/MyGithub/simon-rover-inverseKinematics/install/inverseKin/bin'
[2.544s] Level 1:colcon.colcon_core.environment:checking '/home/magdy/Documents/MyGithub/simon-rover-inverseKinematics/install/inverseKin/lib/pkgconfig/inverseKin.pc'
[2.544s] Level 1:colcon.colcon_core.environment:checking '/home/magdy/Documents/MyGithub/simon-rover-inverseKinematics/install/inverseKin/lib/python3.10/site-packages'
[2.544s] Level 1:colcon.colcon_core.shell:create_environment_hook('inverseKin', 'pythonpath')
[2.561s] INFO:colcon.colcon_core.shell:Creating environment hook '/home/magdy/Documents/MyGithub/simon-rover-inverseKinematics/install/inverseKin/share/inverseKin/hook/pythonpath.ps1'
[2.562s] INFO:colcon.colcon_core.shell:Creating environment descriptor '/home/magdy/Documents/MyGithub/simon-rover-inverseKinematics/install/inverseKin/share/inverseKin/hook/pythonpath.dsv'
[2.562s] INFO:colcon.colcon_core.shell:Creating environment hook '/home/magdy/Documents/MyGithub/simon-rover-inverseKinematics/install/inverseKin/share/inverseKin/hook/pythonpath.sh'
[2.562s] Level 1:colcon.colcon_core.environment:checking '/home/magdy/Documents/MyGithub/simon-rover-inverseKinematics/install/inverseKin/bin'
[2.562s] Level 1:colcon.colcon_core.environment:create_environment_scripts_only(inverseKin)
[2.581s] INFO:colcon.colcon_core.shell:Creating package script '/home/magdy/Documents/MyGithub/simon-rover-inverseKinematics/install/inverseKin/share/inverseKin/package.ps1'
[2.581s] INFO:colcon.colcon_core.shell:Creating package descriptor '/home/magdy/Documents/MyGithub/simon-rover-inverseKinematics/install/inverseKin/share/inverseKin/package.dsv'
[2.582s] INFO:colcon.colcon_core.shell:Creating package script '/home/magdy/Documents/MyGithub/simon-rover-inverseKinematics/install/inverseKin/share/inverseKin/package.sh'
[2.583s] INFO:colcon.colcon_core.shell:Creating package script '/home/magdy/Documents/MyGithub/simon-rover-inverseKinematics/install/inverseKin/share/inverseKin/package.bash'
[2.583s] INFO:colcon.colcon_core.shell:Creating package script '/home/magdy/Documents/MyGithub/simon-rover-inverseKinematics/install/inverseKin/share/inverseKin/package.zsh'
[2.584s] Level 1:colcon.colcon_core.environment:create_file_with_runtime_dependencies(/home/magdy/Documents/MyGithub/simon-rover-inverseKinematics/install/inverseKin/share/colcon-core/packages/inverseKin)
[2.603s] Level 1:colcon.colcon_core.environment:create_environment_scripts_only(turtlesim)
[2.623s] Level 1:colcon.colcon_core.environment:checking '/home/magdy/Documents/MyGithub/simon-rover-inverseKinematics/install/turtlesim' for CMake module files
[2.623s] Level 1:colcon.colcon_core.environment:checking '/home/magdy/Documents/MyGithub/simon-rover-inverseKinematics/install/turtlesim' for CMake config files
[2.623s] Level 1:colcon.colcon_core.environment:checking '/home/magdy/Documents/MyGithub/simon-rover-inverseKinematics/install/turtlesim/bin'
[2.623s] Level 1:colcon.colcon_core.environment:checking '/home/magdy/Documents/MyGithub/simon-rover-inverseKinematics/install/turtlesim/lib/pkgconfig/turtlesim.pc'
[2.624s] Level 1:colcon.colcon_core.environment:checking '/home/magdy/Documents/MyGithub/simon-rover-inverseKinematics/install/turtlesim/lib/python3.10/site-packages'
[2.624s] Level 1:colcon.colcon_core.environment:checking '/home/magdy/Documents/MyGithub/simon-rover-inverseKinematics/install/turtlesim/bin'
[2.642s] INFO:colcon.colcon_core.shell:Creating package script '/home/magdy/Documents/MyGithub/simon-rover-inverseKinematics/install/turtlesim/share/turtlesim/package.ps1'
[2.642s] INFO:colcon.colcon_core.shell:Creating package descriptor '/home/magdy/Documents/MyGithub/simon-rover-inverseKinematics/install/turtlesim/share/turtlesim/package.dsv'
[2.642s] INFO:colcon.colcon_core.shell:Creating package script '/home/magdy/Documents/MyGithub/simon-rover-inverseKinematics/install/turtlesim/share/turtlesim/package.sh'
[2.643s] INFO:colcon.colcon_core.shell:Creating package script '/home/magdy/Documents/MyGithub/simon-rover-inverseKinematics/install/turtlesim/share/turtlesim/package.bash'
[2.643s] INFO:colcon.colcon_core.shell:Creating package script '/home/magdy/Documents/MyGithub/simon-rover-inverseKinematics/install/turtlesim/share/turtlesim/package.zsh'
[2.643s] Level 1:colcon.colcon_core.environment:create_file_with_runtime_dependencies(/home/magdy/Documents/MyGithub/simon-rover-inverseKinematics/install/turtlesim/share/colcon-core/packages/turtlesim)
[2.654s] DEBUG:colcon.colcon_parallel_executor.executor.parallel:closing loop
[2.654s] DEBUG:colcon.colcon_parallel_executor.executor.parallel:loop closed
[2.654s] DEBUG:colcon.colcon_parallel_executor.executor.parallel:run_until_complete finished with '2'
[2.654s] DEBUG:colcon.colcon_core.event_reactor:joining thread
[2.680s] INFO:colcon.colcon_core.plugin_system:Skipping extension 'colcon_notification.desktop_notification.terminal_notifier': Not used on non-Darwin systems
[2.681s] INFO:colcon.colcon_core.plugin_system:Skipping extension 'colcon_notification.desktop_notification.win32': Not used on non-Windows systems
[2.681s] INFO:colcon.colcon_notification.desktop_notification:Sending desktop notification using 'notify2'
[2.695s] DEBUG:colcon.colcon_core.event_reactor:joined thread
