[0.790s] Invoking command in '/home/magdy/Documents/MyGithub/simon-rover-inverseKinematics/inverseKin/src/inverseKin': CONDA_PROMPT_MODIFIER=(base) PYTHONPATH=/home/magdy/Documents/MyGithub/simon-rover-inverseKinematics/inverseKin/build/inverseKin/prefix_override:/home/magdy/Documents/MyGithub/simon-rover-inverseKinematics/inverseKin/install/inverseKin/lib/python3.10/site-packages:${PYTHONPATH} /usr/bin/python3 setup.py egg_info --egg-base ../../build/inverseKin build --build-base /home/magdy/Documents/MyGithub/simon-rover-inverseKinematics/inverseKin/build/inverseKin/build install --record /home/magdy/Documents/MyGithub/simon-rover-inverseKinematics/inverseKin/build/inverseKin/install.log --single-version-externally-managed
[1.009s] running egg_info
[1.010s] writing ../../build/inverseKin/inverseKin.egg-info/PKG-INFO
[1.010s] writing dependency_links to ../../build/inverseKin/inverseKin.egg-info/dependency_links.txt
[1.010s] writing entry points to ../../build/inverseKin/inverseKin.egg-info/entry_points.txt
[1.010s] writing requirements to ../../build/inverseKin/inverseKin.egg-info/requires.txt
[1.010s] writing top-level names to ../../build/inverseKin/inverseKin.egg-info/top_level.txt
[1.012s] reading manifest file '../../build/inverseKin/inverseKin.egg-info/SOURCES.txt'
[1.013s] writing manifest file '../../build/inverseKin/inverseKin.egg-info/SOURCES.txt'
[1.013s] running build
[1.013s] running build_py
[1.013s] copying inverseKin/server.py -> /home/magdy/Documents/MyGithub/simon-rover-inverseKinematics/inverseKin/build/inverseKin/build/lib/inverseKin
[1.014s] running install
[1.014s] /usr/lib/python3/dist-packages/setuptools/command/install.py:34: SetuptoolsDeprecationWarning: setup.py install is deprecated. Use build and pip and other standards-based tools.
[1.014s]   warnings.warn(
[1.014s] running install_lib
[1.015s] copying /home/magdy/Documents/MyGithub/simon-rover-inverseKinematics/inverseKin/build/inverseKin/build/lib/inverseKin/server.py -> /home/magdy/Documents/MyGithub/simon-rover-inverseKinematics/inverseKin/install/inverseKin/lib/python3.10/site-packages/inverseKin
[1.016s] byte-compiling /home/magdy/Documents/MyGithub/simon-rover-inverseKinematics/inverseKin/install/inverseKin/lib/python3.10/site-packages/inverseKin/server.py to server.cpython-310.pyc
[1.017s] running install_data
[1.017s] running install_egg_info
[1.019s] removing '/home/magdy/Documents/MyGithub/simon-rover-inverseKinematics/inverseKin/install/inverseKin/lib/python3.10/site-packages/inverseKin-0.0.0-py3.10.egg-info' (and everything under it)
[1.019s] Copying ../../build/inverseKin/inverseKin.egg-info to /home/magdy/Documents/MyGithub/simon-rover-inverseKinematics/inverseKin/install/inverseKin/lib/python3.10/site-packages/inverseKin-0.0.0-py3.10.egg-info
[1.020s] running install_scripts
[1.037s] Installing server script to /home/magdy/Documents/MyGithub/simon-rover-inverseKinematics/inverseKin/install/inverseKin/lib/inverseKin
[1.037s] writing list of installed files to '/home/magdy/Documents/MyGithub/simon-rover-inverseKinematics/inverseKin/build/inverseKin/install.log'
[1.059s] Invoked command in '/home/magdy/Documents/MyGithub/simon-rover-inverseKinematics/inverseKin/src/inverseKin' returned '0': CONDA_PROMPT_MODIFIER=(base) PYTHONPATH=/home/magdy/Documents/MyGithub/simon-rover-inverseKinematics/inverseKin/build/inverseKin/prefix_override:/home/magdy/Documents/MyGithub/simon-rover-inverseKinematics/inverseKin/install/inverseKin/lib/python3.10/site-packages:${PYTHONPATH} /usr/bin/python3 setup.py egg_info --egg-base ../../build/inverseKin build --build-base /home/magdy/Documents/MyGithub/simon-rover-inverseKinematics/inverseKin/build/inverseKin/build install --record /home/magdy/Documents/MyGithub/simon-rover-inverseKinematics/inverseKin/build/inverseKin/install.log --single-version-externally-managed
