[0.847s] Invoking command in '/home/magdy/Documents/MyGithub/simon-rover-inverseKinematics-1/inverseKin/src/inverseKin': CONDA_PROMPT_MODIFIER=(base) PYTHONPATH=/home/magdy/Documents/MyGithub/simon-rover-inverseKinematics-1/inverseKin/build/inverseKin/prefix_override:/home/magdy/Documents/MyGithub/simon-rover-inverseKinematics-1/inverseKin/install/inverseKin/lib/python3.10/site-packages:${PYTHONPATH} /usr/bin/python3 setup.py egg_info --egg-base ../../build/inverseKin build --build-base /home/magdy/Documents/MyGithub/simon-rover-inverseKinematics-1/inverseKin/build/inverseKin/build install --record /home/magdy/Documents/MyGithub/simon-rover-inverseKinematics-1/inverseKin/build/inverseKin/install.log --single-version-externally-managed
[1.062s] running egg_info
[1.062s] writing ../../build/inverseKin/inverseKin.egg-info/PKG-INFO
[1.063s] writing dependency_links to ../../build/inverseKin/inverseKin.egg-info/dependency_links.txt
[1.063s] writing entry points to ../../build/inverseKin/inverseKin.egg-info/entry_points.txt
[1.063s] writing requirements to ../../build/inverseKin/inverseKin.egg-info/requires.txt
[1.063s] writing top-level names to ../../build/inverseKin/inverseKin.egg-info/top_level.txt
[1.064s] reading manifest file '../../build/inverseKin/inverseKin.egg-info/SOURCES.txt'
[1.065s] writing manifest file '../../build/inverseKin/inverseKin.egg-info/SOURCES.txt'
[1.065s] running build
[1.065s] running build_py
[1.065s] running install
[1.068s] /usr/lib/python3/dist-packages/setuptools/command/install.py:34: SetuptoolsDeprecationWarning: setup.py install is deprecated. Use build and pip and other standards-based tools.
[1.069s]   warnings.warn(
[1.069s] running install_lib
[1.070s] running install_data
[1.070s] running install_egg_info
[1.072s] removing '/home/magdy/Documents/MyGithub/simon-rover-inverseKinematics-1/inverseKin/install/inverseKin/lib/python3.10/site-packages/inverseKin-0.0.0-py3.10.egg-info' (and everything under it)
[1.072s] Copying ../../build/inverseKin/inverseKin.egg-info to /home/magdy/Documents/MyGithub/simon-rover-inverseKinematics-1/inverseKin/install/inverseKin/lib/python3.10/site-packages/inverseKin-0.0.0-py3.10.egg-info
[1.073s] running install_scripts
[1.087s] Installing server script to /home/magdy/Documents/MyGithub/simon-rover-inverseKinematics-1/inverseKin/install/inverseKin/lib/inverseKin
[1.087s] writing list of installed files to '/home/magdy/Documents/MyGithub/simon-rover-inverseKinematics-1/inverseKin/build/inverseKin/install.log'
[1.103s] Invoked command in '/home/magdy/Documents/MyGithub/simon-rover-inverseKinematics-1/inverseKin/src/inverseKin' returned '0': CONDA_PROMPT_MODIFIER=(base) PYTHONPATH=/home/magdy/Documents/MyGithub/simon-rover-inverseKinematics-1/inverseKin/build/inverseKin/prefix_override:/home/magdy/Documents/MyGithub/simon-rover-inverseKinematics-1/inverseKin/install/inverseKin/lib/python3.10/site-packages:${PYTHONPATH} /usr/bin/python3 setup.py egg_info --egg-base ../../build/inverseKin build --build-base /home/magdy/Documents/MyGithub/simon-rover-inverseKinematics-1/inverseKin/build/inverseKin/build install --record /home/magdy/Documents/MyGithub/simon-rover-inverseKinematics-1/inverseKin/build/inverseKin/install.log --single-version-externally-managed
