[0.866s] Invoking command in '/home/magdy/Documents/MyGithub/simon-rover-inverseKinematics/inverseKin/src/inverseKin': CONDA_PROMPT_MODIFIER=(base) PYTHONPATH=/home/magdy/Documents/MyGithub/simon-rover-inverseKinematics/build/inverseKin/prefix_override:/home/magdy/Documents/MyGithub/simon-rover-inverseKinematics/install/inverseKin/lib/python3.10/site-packages:${PYTHONPATH} /usr/bin/python3 setup.py egg_info --egg-base ../../../build/inverseKin build --build-base /home/magdy/Documents/MyGithub/simon-rover-inverseKinematics/build/inverseKin/build install --record /home/magdy/Documents/MyGithub/simon-rover-inverseKinematics/build/inverseKin/install.log --single-version-externally-managed
[1.113s] running egg_info
[1.114s] writing ../../../build/inverseKin/inverseKin.egg-info/PKG-INFO
[1.114s] writing dependency_links to ../../../build/inverseKin/inverseKin.egg-info/dependency_links.txt
[1.115s] writing entry points to ../../../build/inverseKin/inverseKin.egg-info/entry_points.txt
[1.115s] writing requirements to ../../../build/inverseKin/inverseKin.egg-info/requires.txt
[1.115s] writing top-level names to ../../../build/inverseKin/inverseKin.egg-info/top_level.txt
[1.117s] reading manifest file '../../../build/inverseKin/inverseKin.egg-info/SOURCES.txt'
[1.118s] writing manifest file '../../../build/inverseKin/inverseKin.egg-info/SOURCES.txt'
[1.119s] running build
[1.119s] running build_py
[1.119s] running install
[1.119s] running install_lib
[1.120s] /usr/lib/python3/dist-packages/setuptools/command/install.py:34: SetuptoolsDeprecationWarning: setup.py install is deprecated. Use build and pip and other standards-based tools.
[1.120s]   warnings.warn(
[1.120s] running install_data
[1.121s] running install_egg_info
[1.123s] removing '/home/magdy/Documents/MyGithub/simon-rover-inverseKinematics/install/inverseKin/lib/python3.10/site-packages/inverseKin-0.0.0-py3.10.egg-info' (and everything under it)
[1.123s] Copying ../../../build/inverseKin/inverseKin.egg-info to /home/magdy/Documents/MyGithub/simon-rover-inverseKinematics/install/inverseKin/lib/python3.10/site-packages/inverseKin-0.0.0-py3.10.egg-info
[1.124s] running install_scripts
[1.143s] Installing server script to /home/magdy/Documents/MyGithub/simon-rover-inverseKinematics/install/inverseKin/lib/inverseKin
[1.143s] writing list of installed files to '/home/magdy/Documents/MyGithub/simon-rover-inverseKinematics/build/inverseKin/install.log'
[1.170s] Invoked command in '/home/magdy/Documents/MyGithub/simon-rover-inverseKinematics/inverseKin/src/inverseKin' returned '0': CONDA_PROMPT_MODIFIER=(base) PYTHONPATH=/home/magdy/Documents/MyGithub/simon-rover-inverseKinematics/build/inverseKin/prefix_override:/home/magdy/Documents/MyGithub/simon-rover-inverseKinematics/install/inverseKin/lib/python3.10/site-packages:${PYTHONPATH} /usr/bin/python3 setup.py egg_info --egg-base ../../../build/inverseKin build --build-base /home/magdy/Documents/MyGithub/simon-rover-inverseKinematics/build/inverseKin/build install --record /home/magdy/Documents/MyGithub/simon-rover-inverseKinematics/build/inverseKin/install.log --single-version-externally-managed
