[0.863s] Invoking command in '/home/magdy/Documents/MyGithub/simon-rover-inverseKinematics-1/inverseKin/src/inverseKin': CONDA_PROMPT_MODIFIER=(base) PYTHONPATH=/home/magdy/Documents/MyGithub/simon-rover-inverseKinematics-1/inverseKin/build/inverseKin/prefix_override:/home/magdy/Documents/MyGithub/simon-rover-inverseKinematics-1/inverseKin/install/inverseKin/lib/python3.10/site-packages:${PYTHONPATH} VIRTUAL_ENV_PROMPT=(venv) /usr/bin/python3 setup.py egg_info --egg-base ../../build/inverseKin build --build-base /home/magdy/Documents/MyGithub/simon-rover-inverseKinematics-1/inverseKin/build/inverseKin/build install --record /home/magdy/Documents/MyGithub/simon-rover-inverseKinematics-1/inverseKin/build/inverseKin/install.log --single-version-externally-managed
[1.121s] running egg_info
[1.122s] writing ../../build/inverseKin/inverseKin.egg-info/PKG-INFO
[1.123s] writing dependency_links to ../../build/inverseKin/inverseKin.egg-info/dependency_links.txt
[1.123s] writing entry points to ../../build/inverseKin/inverseKin.egg-info/entry_points.txt
[1.123s] writing requirements to ../../build/inverseKin/inverseKin.egg-info/requires.txt
[1.123s] writing top-level names to ../../build/inverseKin/inverseKin.egg-info/top_level.txt
[1.125s] reading manifest file '../../build/inverseKin/inverseKin.egg-info/SOURCES.txt'
[1.127s] writing manifest file '../../build/inverseKin/inverseKin.egg-info/SOURCES.txt'
[1.127s] running build
[1.127s] running build_py
[1.127s] copying inverseKin/server.py -> /home/magdy/Documents/MyGithub/simon-rover-inverseKinematics-1/inverseKin/build/inverseKin/build/lib/inverseKin
[1.127s] running install
[1.127s] /usr/lib/python3/dist-packages/setuptools/command/install.py:34: SetuptoolsDeprecationWarning: setup.py install is deprecated. Use build and pip and other standards-based tools.
[1.127s]   warnings.warn(
[1.128s] running install_lib
[1.129s] copying /home/magdy/Documents/MyGithub/simon-rover-inverseKinematics-1/inverseKin/build/inverseKin/build/lib/inverseKin/server.py -> /home/magdy/Documents/MyGithub/simon-rover-inverseKinematics-1/inverseKin/install/inverseKin/lib/python3.10/site-packages/inverseKin
[1.129s] byte-compiling /home/magdy/Documents/MyGithub/simon-rover-inverseKinematics-1/inverseKin/install/inverseKin/lib/python3.10/site-packages/inverseKin/server.py to server.cpython-310.pyc
[1.130s] running install_data
[1.131s] running install_egg_info
[1.133s] removing '/home/magdy/Documents/MyGithub/simon-rover-inverseKinematics-1/inverseKin/install/inverseKin/lib/python3.10/site-packages/inverseKin-0.0.0-py3.10.egg-info' (and everything under it)
[1.133s] Copying ../../build/inverseKin/inverseKin.egg-info to /home/magdy/Documents/MyGithub/simon-rover-inverseKinematics-1/inverseKin/install/inverseKin/lib/python3.10/site-packages/inverseKin-0.0.0-py3.10.egg-info
[1.134s] running install_scripts
[1.153s] Installing server script to /home/magdy/Documents/MyGithub/simon-rover-inverseKinematics-1/inverseKin/install/inverseKin/lib/inverseKin
[1.154s] writing list of installed files to '/home/magdy/Documents/MyGithub/simon-rover-inverseKinematics-1/inverseKin/build/inverseKin/install.log'
[1.183s] Invoked command in '/home/magdy/Documents/MyGithub/simon-rover-inverseKinematics-1/inverseKin/src/inverseKin' returned '0': CONDA_PROMPT_MODIFIER=(base) PYTHONPATH=/home/magdy/Documents/MyGithub/simon-rover-inverseKinematics-1/inverseKin/build/inverseKin/prefix_override:/home/magdy/Documents/MyGithub/simon-rover-inverseKinematics-1/inverseKin/install/inverseKin/lib/python3.10/site-packages:${PYTHONPATH} VIRTUAL_ENV_PROMPT=(venv) /usr/bin/python3 setup.py egg_info --egg-base ../../build/inverseKin build --build-base /home/magdy/Documents/MyGithub/simon-rover-inverseKinematics-1/inverseKin/build/inverseKin/build install --record /home/magdy/Documents/MyGithub/simon-rover-inverseKinematics-1/inverseKin/build/inverseKin/install.log --single-version-externally-managed
