[0.779s] Invoking command in '/home/magdy/Documents/MyGithub/simon-rover-inverseKinematics/inverseKin/src/inverseKin': CONDA_PROMPT_MODIFIER=(base) PYTHONPATH=/home/magdy/Documents/MyGithub/simon-rover-inverseKinematics/build/inverseKin/prefix_override:/home/magdy/Documents/MyGithub/simon-rover-inverseKinematics/install/inverseKin/lib/python3.10/site-packages:${PYTHONPATH} /usr/bin/python3 setup.py egg_info --egg-base ../../../build/inverseKin build --build-base /home/magdy/Documents/MyGithub/simon-rover-inverseKinematics/build/inverseKin/build install --record /home/magdy/Documents/MyGithub/simon-rover-inverseKinematics/build/inverseKin/install.log --single-version-externally-managed
[1.003s] running egg_info
[1.003s] creating ../../../build/inverseKin/inverseKin.egg-info
[1.003s] writing ../../../build/inverseKin/inverseKin.egg-info/PKG-INFO
[1.004s] writing dependency_links to ../../../build/inverseKin/inverseKin.egg-info/dependency_links.txt
[1.004s] writing entry points to ../../../build/inverseKin/inverseKin.egg-info/entry_points.txt
[1.004s] writing requirements to ../../../build/inverseKin/inverseKin.egg-info/requires.txt
[1.004s] writing top-level names to ../../../build/inverseKin/inverseKin.egg-info/top_level.txt
[1.004s] writing manifest file '../../../build/inverseKin/inverseKin.egg-info/SOURCES.txt'
[1.005s] reading manifest file '../../../build/inverseKin/inverseKin.egg-info/SOURCES.txt'
[1.006s] writing manifest file '../../../build/inverseKin/inverseKin.egg-info/SOURCES.txt'
[1.006s] running build
[1.006s] running build_py
[1.006s] creating /home/magdy/Documents/MyGithub/simon-rover-inverseKinematics/build/inverseKin/build
[1.006s] creating /home/magdy/Documents/MyGithub/simon-rover-inverseKinematics/build/inverseKin/build/lib
[1.007s] creating /home/magdy/Documents/MyGithub/simon-rover-inverseKinematics/build/inverseKin/build/lib/inverseKin
[1.007s] copying inverseKin/server.py -> /home/magdy/Documents/MyGithub/simon-rover-inverseKinematics/build/inverseKin/build/lib/inverseKin
[1.007s] copying inverseKin/__init__.py -> /home/magdy/Documents/MyGithub/simon-rover-inverseKinematics/build/inverseKin/build/lib/inverseKin
[1.007s] running install
[1.010s] /usr/lib/python3/dist-packages/setuptools/command/install.py:34: SetuptoolsDeprecationWarning: setup.py install is deprecated. Use build and pip and other standards-based tools.
[1.010s]   warnings.warn(
[1.010s] running install_lib
[1.011s] creating /home/magdy/Documents/MyGithub/simon-rover-inverseKinematics/install/inverseKin/lib/python3.10/site-packages/inverseKin
[1.011s] copying /home/magdy/Documents/MyGithub/simon-rover-inverseKinematics/build/inverseKin/build/lib/inverseKin/server.py -> /home/magdy/Documents/MyGithub/simon-rover-inverseKinematics/install/inverseKin/lib/python3.10/site-packages/inverseKin
[1.012s] copying /home/magdy/Documents/MyGithub/simon-rover-inverseKinematics/build/inverseKin/build/lib/inverseKin/__init__.py -> /home/magdy/Documents/MyGithub/simon-rover-inverseKinematics/install/inverseKin/lib/python3.10/site-packages/inverseKin
[1.012s] byte-compiling /home/magdy/Documents/MyGithub/simon-rover-inverseKinematics/install/inverseKin/lib/python3.10/site-packages/inverseKin/server.py to server.cpython-310.pyc
[1.013s] byte-compiling /home/magdy/Documents/MyGithub/simon-rover-inverseKinematics/install/inverseKin/lib/python3.10/site-packages/inverseKin/__init__.py to __init__.cpython-310.pyc
[1.013s] running install_data
[1.014s] creating /home/magdy/Documents/MyGithub/simon-rover-inverseKinematics/install/inverseKin/share/ament_index
[1.014s] creating /home/magdy/Documents/MyGithub/simon-rover-inverseKinematics/install/inverseKin/share/ament_index/resource_index
[1.014s] creating /home/magdy/Documents/MyGithub/simon-rover-inverseKinematics/install/inverseKin/share/ament_index/resource_index/packages
[1.014s] copying resource/inverseKin -> /home/magdy/Documents/MyGithub/simon-rover-inverseKinematics/install/inverseKin/share/ament_index/resource_index/packages
[1.014s] copying package.xml -> /home/magdy/Documents/MyGithub/simon-rover-inverseKinematics/install/inverseKin/share/inverseKin
[1.014s] running install_egg_info
[1.016s] Copying ../../../build/inverseKin/inverseKin.egg-info to /home/magdy/Documents/MyGithub/simon-rover-inverseKinematics/install/inverseKin/lib/python3.10/site-packages/inverseKin-0.0.0-py3.10.egg-info
[1.017s] running install_scripts
[1.033s] Installing server script to /home/magdy/Documents/MyGithub/simon-rover-inverseKinematics/install/inverseKin/lib/inverseKin
[1.034s] writing list of installed files to '/home/magdy/Documents/MyGithub/simon-rover-inverseKinematics/build/inverseKin/install.log'
[1.056s] Invoked command in '/home/magdy/Documents/MyGithub/simon-rover-inverseKinematics/inverseKin/src/inverseKin' returned '0': CONDA_PROMPT_MODIFIER=(base) PYTHONPATH=/home/magdy/Documents/MyGithub/simon-rover-inverseKinematics/build/inverseKin/prefix_override:/home/magdy/Documents/MyGithub/simon-rover-inverseKinematics/install/inverseKin/lib/python3.10/site-packages:${PYTHONPATH} /usr/bin/python3 setup.py egg_info --egg-base ../../../build/inverseKin build --build-base /home/magdy/Documents/MyGithub/simon-rover-inverseKinematics/build/inverseKin/build install --record /home/magdy/Documents/MyGithub/simon-rover-inverseKinematics/build/inverseKin/install.log --single-version-externally-managed
