[35m[1mConsolidate compiler generated dependencies of target turtlesim__rosidl_generator_c[0m
[  1%] Built target turtlesim__cpp
[ 11%] Built target turtlesim__rosidl_generator_c
[ 11%] Built target ament_cmake_python_copy_turtlesim
[35m[1mConsolidate compiler generated dependencies of target turtlesim__rosidl_typesupport_cpp[0m
[35m[1mConsolidate compiler generated dependencies of target turtlesim__rosidl_typesupport_introspection_cpp[0m
[35m[1mConsolidate compiler generated dependencies of target turtlesim__rosidl_typesupport_fastrtps_cpp[0m
[35m[1mConsolidate compiler generated dependencies of target turtlesim__rosidl_typesupport_c[0m
[35m[1mConsolidate compiler generated dependencies of target turtlesim__rosidl_typesupport_introspection_c[0m
[35m[1mConsolidate compiler generated dependencies of target turtlesim__rosidl_typesupport_fastrtps_c[0m
[ 31%] Built target turtlesim__rosidl_typesupport_c
[ 31%] Built target turtlesim__rosidl_typesupport_introspection_c
[ 61%] Built target turtlesim__rosidl_typesupport_fastrtps_cpp
[ 61%] Built target turtlesim__rosidl_typesupport_cpp
[ 61%] Built target turtlesim__rosidl_typesupport_introspection_cpp
[ 71%] Built target turtlesim__rosidl_typesupport_fastrtps_c
[35m[1mConsolidate compiler generated dependencies of target draw_square[0m
[35m[1mConsolidate compiler generated dependencies of target mimic[0m
[35m[1mConsolidate compiler generated dependencies of target turtle_teleop_key[0m
[35m[1mConsolidate compiler generated dependencies of target turtlesim_node[0m
[ 71%] Built target turtlesim
[ 77%] Built target mimic
[ 77%] Built target turtle_teleop_key
[ 77%] Built target draw_square
[ 79%] [34m[1mGenerating Python code for ROS interfaces[0m
[ 84%] Built target turtlesim_node
running egg_info
writing turtlesim.egg-info/PKG-INFO
writing dependency_links to turtlesim.egg-info/dependency_links.txt
writing top-level names to turtlesim.egg-info/top_level.txt
reading manifest file 'turtlesim.egg-info/SOURCES.txt'
writing manifest file 'turtlesim.egg-info/SOURCES.txt'
[ 84%] Built target ament_cmake_python_build_turtlesim_egg
