[0.736s] Invoking command in '/home/magdy/Documents/MyGithub/simon-rover-inverseKinematics-1/inverseKin/src/inverseKin': CONDA_PROMPT_MODIFIER=(base) PYTHONPATH=/home/magdy/Documents/MyGithub/simon-rover-inverseKinematics-1/build/inverseKin/prefix_override:/home/magdy/Documents/MyGithub/simon-rover-inverseKinematics-1/install/inverseKin/lib/python3.10/site-packages:${PYTHONPATH} /usr/bin/python3 setup.py egg_info --egg-base ../../../build/inverseKin build --build-base /home/magdy/Documents/MyGithub/simon-rover-inverseKinematics-1/build/inverseKin/build install --record /home/magdy/Documents/MyGithub/simon-rover-inverseKinematics-1/build/inverseKin/install.log --single-version-externally-managed
[0.951s] running egg_info
[0.951s] writing ../../../build/inverseKin/inverseKin.egg-info/PKG-INFO
[0.951s] writing dependency_links to ../../../build/inverseKin/inverseKin.egg-info/dependency_links.txt
[0.952s] writing entry points to ../../../build/inverseKin/inverseKin.egg-info/entry_points.txt
[0.952s] writing requirements to ../../../build/inverseKin/inverseKin.egg-info/requires.txt
[0.952s] writing top-level names to ../../../build/inverseKin/inverseKin.egg-info/top_level.txt
[0.953s] reading manifest file '../../../build/inverseKin/inverseKin.egg-info/SOURCES.txt'
[0.954s] writing manifest file '../../../build/inverseKin/inverseKin.egg-info/SOURCES.txt'
[0.954s] running build
[0.954s] running build_py
[0.954s] copying inverseKin/server.py -> /home/magdy/Documents/MyGithub/simon-rover-inverseKinematics-1/build/inverseKin/build/lib/inverseKin
[0.954s] copying inverseKin/__init__.py -> /home/magdy/Documents/MyGithub/simon-rover-inverseKinematics-1/build/inverseKin/build/lib/inverseKin
[0.954s] running install
[0.954s] /usr/lib/python3/dist-packages/setuptools/command/install.py:34: SetuptoolsDeprecationWarning: setup.py install is deprecated. Use build and pip and other standards-based tools.
[0.954s]   warnings.warn(
[0.955s] running install_lib
[0.955s] copying /home/magdy/Documents/MyGithub/simon-rover-inverseKinematics-1/build/inverseKin/build/lib/inverseKin/server.py -> /home/magdy/Documents/MyGithub/simon-rover-inverseKinematics-1/install/inverseKin/lib/python3.10/site-packages/inverseKin
[0.956s] byte-compiling /home/magdy/Documents/MyGithub/simon-rover-inverseKinematics-1/install/inverseKin/lib/python3.10/site-packages/inverseKin/server.py to server.cpython-310.pyc
[0.957s] running install_data
[0.957s] running install_egg_info
[0.958s] removing '/home/magdy/Documents/MyGithub/simon-rover-inverseKinematics-1/install/inverseKin/lib/python3.10/site-packages/inverseKin-0.0.0-py3.10.egg-info' (and everything under it)
[0.959s] Copying ../../../build/inverseKin/inverseKin.egg-info to /home/magdy/Documents/MyGithub/simon-rover-inverseKinematics-1/install/inverseKin/lib/python3.10/site-packages/inverseKin-0.0.0-py3.10.egg-info
[0.960s] running install_scripts
[0.974s] Installing server script to /home/magdy/Documents/MyGithub/simon-rover-inverseKinematics-1/install/inverseKin/lib/inverseKin
[0.974s] writing list of installed files to '/home/magdy/Documents/MyGithub/simon-rover-inverseKinematics-1/build/inverseKin/install.log'
[0.995s] Invoked command in '/home/magdy/Documents/MyGithub/simon-rover-inverseKinematics-1/inverseKin/src/inverseKin' returned '0': CONDA_PROMPT_MODIFIER=(base) PYTHONPATH=/home/magdy/Documents/MyGithub/simon-rover-inverseKinematics-1/build/inverseKin/prefix_override:/home/magdy/Documents/MyGithub/simon-rover-inverseKinematics-1/install/inverseKin/lib/python3.10/site-packages:${PYTHONPATH} /usr/bin/python3 setup.py egg_info --egg-base ../../../build/inverseKin build --build-base /home/magdy/Documents/MyGithub/simon-rover-inverseKinematics-1/build/inverseKin/build install --record /home/magdy/Documents/MyGithub/simon-rover-inverseKinematics-1/build/inverseKin/install.log --single-version-externally-managed
