[0.732s] Invoking command in '/home/magdy/Documents/MyGithub/simon-rover-inverseKinematics/inverseKin/src/inverseKin': CONDA_PROMPT_MODIFIER=(base) PYTHONPATH=/home/magdy/Documents/MyGithub/simon-rover-inverseKinematics/inverseKin/build/inverseKin/prefix_override:/home/magdy/Documents/MyGithub/simon-rover-inverseKinematics/inverseKin/install/inverseKin/lib/python3.10/site-packages:${PYTHONPATH} /usr/bin/python3 setup.py egg_info --egg-base ../../build/inverseKin build --build-base /home/magdy/Documents/MyGithub/simon-rover-inverseKinematics/inverseKin/build/inverseKin/build install --record /home/magdy/Documents/MyGithub/simon-rover-inverseKinematics/inverseKin/build/inverseKin/install.log --single-version-externally-managed
[0.953s] running egg_info
[0.954s] writing ../../build/inverseKin/inverseKin.egg-info/PKG-INFO
[0.954s] writing dependency_links to ../../build/inverseKin/inverseKin.egg-info/dependency_links.txt
[0.954s] writing entry points to ../../build/inverseKin/inverseKin.egg-info/entry_points.txt
[0.954s] writing requirements to ../../build/inverseKin/inverseKin.egg-info/requires.txt
[0.954s] writing top-level names to ../../build/inverseKin/inverseKin.egg-info/top_level.txt
[0.955s] reading manifest file '../../build/inverseKin/inverseKin.egg-info/SOURCES.txt'
[0.956s] writing manifest file '../../build/inverseKin/inverseKin.egg-info/SOURCES.txt'
[0.956s] running build
[0.956s] running build_py
[0.957s] running install
[0.957s] /usr/lib/python3/dist-packages/setuptools/command/install.py:34: SetuptoolsDeprecationWarning: setup.py install is deprecated. Use build and pip and other standards-based tools.
[0.957s]   warnings.warn(
[0.957s] running install_lib
[0.958s] running install_data
[0.958s] running install_egg_info
[0.960s] removing '/home/magdy/Documents/MyGithub/simon-rover-inverseKinematics/inverseKin/install/inverseKin/lib/python3.10/site-packages/inverseKin-0.0.0-py3.10.egg-info' (and everything under it)
[0.960s] Copying ../../build/inverseKin/inverseKin.egg-info to /home/magdy/Documents/MyGithub/simon-rover-inverseKinematics/inverseKin/install/inverseKin/lib/python3.10/site-packages/inverseKin-0.0.0-py3.10.egg-info
[0.961s] running install_scripts
[0.977s] writing list of installed files to '/home/magdy/Documents/MyGithub/simon-rover-inverseKinematics/inverseKin/build/inverseKin/install.log'
[0.995s] Invoked command in '/home/magdy/Documents/MyGithub/simon-rover-inverseKinematics/inverseKin/src/inverseKin' returned '0': CONDA_PROMPT_MODIFIER=(base) PYTHONPATH=/home/magdy/Documents/MyGithub/simon-rover-inverseKinematics/inverseKin/build/inverseKin/prefix_override:/home/magdy/Documents/MyGithub/simon-rover-inverseKinematics/inverseKin/install/inverseKin/lib/python3.10/site-packages:${PYTHONPATH} /usr/bin/python3 setup.py egg_info --egg-base ../../build/inverseKin build --build-base /home/magdy/Documents/MyGithub/simon-rover-inverseKinematics/inverseKin/build/inverseKin/build install --record /home/magdy/Documents/MyGithub/simon-rover-inverseKinematics/inverseKin/build/inverseKin/install.log --single-version-externally-managed
