running egg_info
writing ../../build/inverseKin/inverseKin.egg-info/PKG-INFO
writing dependency_links to ../../build/inverseKin/inverseKin.egg-info/dependency_links.txt
writing entry points to ../../build/inverseKin/inverseKin.egg-info/entry_points.txt
writing requirements to ../../build/inverseKin/inverseKin.egg-info/requires.txt
writing top-level names to ../../build/inverseKin/inverseKin.egg-info/top_level.txt
reading manifest file '../../build/inverseKin/inverseKin.egg-info/SOURCES.txt'
writing manifest file '../../build/inverseKin/inverseKin.egg-info/SOURCES.txt'
running build
running build_py
copying inverseKin/__init__.py -> /home/magdy/Documents/MyGithub/simon-rover-inverseKinematics/inverseKin/build/inverseKin/build/lib/inverseKin
running install
running install_lib
copying /home/magdy/Documents/MyGithub/simon-rover-inverseKinematics/inverseKin/build/inverseKin/build/lib/inverseKin/__init__.py -> /home/magdy/Documents/MyGithub/simon-rover-inverseKinematics/inverseKin/install/inverseKin/lib/python3.10/site-packages/inverseKin
byte-compiling /home/magdy/Documents/MyGithub/simon-rover-inverseKinematics/inverseKin/install/inverseKin/lib/python3.10/site-packages/inverseKin/__init__.py to __init__.cpython-310.pyc
running install_data
copying resource/inverseKin -> /home/magdy/Documents/MyGithub/simon-rover-inverseKinematics/inverseKin/install/inverseKin/share/ament_index/resource_index/packages
copying package.xml -> /home/magdy/Documents/MyGithub/simon-rover-inverseKinematics/inverseKin/install/inverseKin/share/inverseKin
running install_egg_info
removing '/home/magdy/Documents/MyGithub/simon-rover-inverseKinematics/inverseKin/install/inverseKin/lib/python3.10/site-packages/inverseKin-0.0.0-py3.10.egg-info' (and everything under it)
Copying ../../build/inverseKin/inverseKin.egg-info to /home/magdy/Documents/MyGithub/simon-rover-inverseKinematics/inverseKin/install/inverseKin/lib/python3.10/site-packages/inverseKin-0.0.0-py3.10.egg-info
running install_scripts
writing list of installed files to '/home/magdy/Documents/MyGithub/simon-rover-inverseKinematics/inverseKin/build/inverseKin/install.log'
