[0.779s] Invoking command in '/home/magdy/Documents/MyGithub/simon-rover-inverseKinematics-1/inverseKin/src/inverseKin': CONDA_PROMPT_MODIFIER=(base) PYTHONPATH=/home/magdy/Documents/MyGithub/simon-rover-inverseKinematics-1/build/inverseKin/prefix_override:/home/magdy/Documents/MyGithub/simon-rover-inverseKinematics-1/install/inverseKin/lib/python3.10/site-packages:${PYTHONPATH} /usr/bin/python3 setup.py egg_info --egg-base ../../../build/inverseKin build --build-base /home/magdy/Documents/MyGithub/simon-rover-inverseKinematics-1/build/inverseKin/build install --record /home/magdy/Documents/MyGithub/simon-rover-inverseKinematics-1/build/inverseKin/install.log --single-version-externally-managed
[1.016s] running egg_info
[1.016s] writing ../../../build/inverseKin/inverseKin.egg-info/PKG-INFO
[1.017s] writing dependency_links to ../../../build/inverseKin/inverseKin.egg-info/dependency_links.txt
[1.017s] writing entry points to ../../../build/inverseKin/inverseKin.egg-info/entry_points.txt
[1.017s] writing requirements to ../../../build/inverseKin/inverseKin.egg-info/requires.txt
[1.017s] writing top-level names to ../../../build/inverseKin/inverseKin.egg-info/top_level.txt
[1.019s] reading manifest file '../../../build/inverseKin/inverseKin.egg-info/SOURCES.txt'
[1.021s] writing manifest file '../../../build/inverseKin/inverseKin.egg-info/SOURCES.txt'
[1.021s] running build
[1.021s] running build_py
[1.021s] copying inverseKin/server.py -> /home/magdy/Documents/MyGithub/simon-rover-inverseKinematics-1/build/inverseKin/build/lib/inverseKin
[1.021s] running install
[1.021s] /usr/lib/python3/dist-packages/setuptools/command/install.py:34: SetuptoolsDeprecationWarning: setup.py install is deprecated. Use build and pip and other standards-based tools.
[1.022s]   warnings.warn(
[1.022s] running install_lib
[1.023s] copying /home/magdy/Documents/MyGithub/simon-rover-inverseKinematics-1/build/inverseKin/build/lib/inverseKin/server.py -> /home/magdy/Documents/MyGithub/simon-rover-inverseKinematics-1/install/inverseKin/lib/python3.10/site-packages/inverseKin
[1.023s] byte-compiling /home/magdy/Documents/MyGithub/simon-rover-inverseKinematics-1/install/inverseKin/lib/python3.10/site-packages/inverseKin/server.py to server.cpython-310.pyc
[1.024s] running install_data
[1.025s] running install_egg_info
[1.027s] removing '/home/magdy/Documents/MyGithub/simon-rover-inverseKinematics-1/install/inverseKin/lib/python3.10/site-packages/inverseKin-0.0.0-py3.10.egg-info' (and everything under it)
[1.027s] Copying ../../../build/inverseKin/inverseKin.egg-info to /home/magdy/Documents/MyGithub/simon-rover-inverseKinematics-1/install/inverseKin/lib/python3.10/site-packages/inverseKin-0.0.0-py3.10.egg-info
[1.028s] running install_scripts
[1.045s] Installing server script to /home/magdy/Documents/MyGithub/simon-rover-inverseKinematics-1/install/inverseKin/lib/inverseKin
[1.045s] writing list of installed files to '/home/magdy/Documents/MyGithub/simon-rover-inverseKinematics-1/build/inverseKin/install.log'
[1.067s] Invoked command in '/home/magdy/Documents/MyGithub/simon-rover-inverseKinematics-1/inverseKin/src/inverseKin' returned '0': CONDA_PROMPT_MODIFIER=(base) PYTHONPATH=/home/magdy/Documents/MyGithub/simon-rover-inverseKinematics-1/build/inverseKin/prefix_override:/home/magdy/Documents/MyGithub/simon-rover-inverseKinematics-1/install/inverseKin/lib/python3.10/site-packages:${PYTHONPATH} /usr/bin/python3 setup.py egg_info --egg-base ../../../build/inverseKin build --build-base /home/magdy/Documents/MyGithub/simon-rover-inverseKinematics-1/build/inverseKin/build install --record /home/magdy/Documents/MyGithub/simon-rover-inverseKinematics-1/build/inverseKin/install.log --single-version-externally-managed
